<?xml version="1.0" encoding="UTF-8"?>
<!-- Generated by org.testng.reporters.JUnitXMLReporter -->
<testsuite hostname="TILLT04345" name="ChromeTest" tests="33" failures="0" timestamp="17 Sep 2018 05:17:35 GMT" time="159.975" errors="0">
  <testcase name="verifyLogin" time="7.829" classname="com.til.ctnBrandwire.test.TestSuperAdmin"/>
  <testcase name="verifyAdminDashboard" time="3.579" classname="com.til.ctnBrandwire.test.TestSuperAdmin"/>
  <testcase name="verifyAdminCreateAccount" time="3.946" classname="com.til.ctnBrandwire.test.TestSuperAdmin"/>
  <testcase name="verifyAccountDashboard" time="4.306" classname="com.til.ctnBrandwire.test.TestSuperAdmin"/>
  <testcase name="verifyAccountsCreateAccount" time="3.843" classname="com.til.ctnBrandwire.test.TestSuperAdmin"/>
  <testcase name="verifyAccountsAddBrand" time="5.788" classname="com.til.ctnBrandwire.test.TestSuperAdmin"/>
  <testcase name="verifyAccountsManageBrand" time="4.332" classname="com.til.ctnBrandwire.test.TestSuperAdmin"/>
  <testcase name="verifyAccountsAddManager" time="4.441" classname="com.til.ctnBrandwire.test.TestSuperAdmin"/>
  <testcase name="verifyAccountsManageManager" time="4.313" classname="com.til.ctnBrandwire.test.TestSuperAdmin"/>
  <testcase name="verifyAccountsManagePublication" time="5.138" classname="com.til.ctnBrandwire.test.TestSuperAdmin"/>
  <testcase name="verifyFinanceDashboard" time="5.151" classname="com.til.ctnBrandwire.test.TestSuperAdmin"/>
  <testcase name="verifyFinanceCreateAccount" time="3.6" classname="com.til.ctnBrandwire.test.TestSuperAdmin"/>
  <testcase name="verifyFinanceRecordSales" time="4.82" classname="com.til.ctnBrandwire.test.TestSuperAdmin"/>
  <testcase name="verifyFinanceManageOfferings" time="4.314" classname="com.til.ctnBrandwire.test.TestSuperAdmin"/>
  <testcase name="verifyFinanceInvoices" time="4.583" classname="com.til.ctnBrandwire.test.TestSuperAdmin"/>
  <testcase name="verifyContentDashboard" time="4.978" classname="com.til.ctnBrandwire.test.TestSuperAdmin"/>
  <testcase name="verifyCreateStory" time="13.592" classname="com.til.ctnBrandwire.test.TestSuperAdmin"/>
  <testcase name="verifyCreateResponse" time="4.73" classname="com.til.ctnBrandwire.test.TestSuperAdmin"/>
  <testcase name="verifyCreateUpdate" time="4.135" classname="com.til.ctnBrandwire.test.TestSuperAdmin"/>
  <testcase name="verifyCreateComment" time="4.899" classname="com.til.ctnBrandwire.test.TestSuperAdmin"/>
  <testcase name="verifycontentExecDashboard" time="4.476" classname="com.til.ctnBrandwire.test.TestSuperAdmin"/>
  <testcase name="verifyPackageDashboard" time="2.822" classname="com.til.ctnBrandwire.test.TestSuperAdmin"/>
  <testcase name="verifyCreatePackage" time="3.749" classname="com.til.ctnBrandwire.test.TestSuperAdmin"/>
  <testcase name="verifyManagePricing" time="3.058" classname="com.til.ctnBrandwire.test.TestSuperAdmin"/>
  <testcase name="verifyPackageExecDashboard" time="3.878" classname="com.til.ctnBrandwire.test.TestSuperAdmin"/>
  <testcase name="verifyLeadDashboard" time="4.167" classname="com.til.ctnBrandwire.test.TestSuperAdmin"/>
  <testcase name="verifyCreateLead" time="2.758" classname="com.til.ctnBrandwire.test.TestSuperAdmin"/>
  <testcase name="verifyCreateClientAccount" time="3.514" classname="com.til.ctnBrandwire.test.TestSuperAdmin"/>
  <testcase name="verifySalesDashboard" time="3.332" classname="com.til.ctnBrandwire.test.TestSuperAdmin"/>
  <testcase name="verifyPackageRecordSales" time="3.572" classname="com.til.ctnBrandwire.test.TestSuperAdmin"/>
  <testcase name="verifyPackageManageOfferings" time="3.764" classname="com.til.ctnBrandwire.test.TestSuperAdmin"/>
  <testcase name="verifyPackageInvoices" time="3.181" classname="com.til.ctnBrandwire.test.TestSuperAdmin"/>
  <testcase name="browserClose" time="2.002" classname="com.til.ctnBrandwire.test.TestSuperAdmin"/>
</testsuite> <!-- ChromeTest -->
