<?xml version="1.0" encoding="UTF-8" ?>
<testsuite tests="39" failures="0" name="com.til.ctnBrandwire.test.TestSuperAdmin" time="306.975" errors="0" skipped="0">
  <properties>
[...]
</properties>
  <testcase classname="com.til.ctnBrandwire.test.TestSuperAdmin" name="verifyLogin" time="8.639"/>
  <testcase classname="com.til.ctnBrandwire.test.TestSuperAdmin" name="verifyAdminDashboard" time="10.337"/>
  <testcase classname="com.til.ctnBrandwire.test.TestSuperAdmin" name="verifyAdminDashboardFilter" time="3.855"/>
  <testcase classname="com.til.ctnBrandwire.test.TestSuperAdmin" name="verifyAdminCreateAccount" time="7.43"/>
  <testcase classname="com.til.ctnBrandwire.test.TestSuperAdmin" name="verifyAccountDashboard" time="11.056"/>
  <testcase classname="com.til.ctnBrandwire.test.TestSuperAdmin" name="verifyAccountDashboardFilter" time="3.864"/>
  <testcase classname="com.til.ctnBrandwire.test.TestSuperAdmin" name="verifyAccountsCreateAccount" time="6.741"/>
  <testcase classname="com.til.ctnBrandwire.test.TestSuperAdmin" name="verifyAccountsAddBrand" time="7.746"/>
  <testcase classname="com.til.ctnBrandwire.test.TestSuperAdmin" name="verifyAccountsManageBrand" time="8.913"/>
  <testcase classname="com.til.ctnBrandwire.test.TestSuperAdmin" name="verifyAccountsAddManager" time="8.313"/>
  <testcase classname="com.til.ctnBrandwire.test.TestSuperAdmin" name="verifyAccountsManageManager" time="6.613"/>
  <testcase classname="com.til.ctnBrandwire.test.TestSuperAdmin" name="verifyAccountsManagePublication" time="7.764"/>
  <testcase classname="com.til.ctnBrandwire.test.TestSuperAdmin" name="verifyFinanceDashboard" time="10.766"/>
  <testcase classname="com.til.ctnBrandwire.test.TestSuperAdmin" name="verifyFinanceDashboardFilter" time="3.92"/>
  <testcase classname="com.til.ctnBrandwire.test.TestSuperAdmin" name="verifyFinanceCreateAccount" time="6.135"/>
  <testcase classname="com.til.ctnBrandwire.test.TestSuperAdmin" name="verifyFinanceRecordSales" time="16.596"/>
  <testcase classname="com.til.ctnBrandwire.test.TestSuperAdmin" name="verifyFinanceManageOfferings" time="8.515"/>
  <testcase classname="com.til.ctnBrandwire.test.TestSuperAdmin" name="verifyFinanceInvoices" time="6.862"/>
  <testcase classname="com.til.ctnBrandwire.test.TestSuperAdmin" name="verifyContentDashboard" time="9.514"/>
  <testcase classname="com.til.ctnBrandwire.test.TestSuperAdmin" name="verifyContentDashboardFilter" time="4.227"/>
  <testcase classname="com.til.ctnBrandwire.test.TestSuperAdmin" name="verifyCreateStory" time="12.335"/>
  <testcase classname="com.til.ctnBrandwire.test.TestSuperAdmin" name="verifyCreateResponse" time="7.147"/>
  <testcase classname="com.til.ctnBrandwire.test.TestSuperAdmin" name="verifyCreateUpdate" time="6.816"/>
  <testcase classname="com.til.ctnBrandwire.test.TestSuperAdmin" name="verifyCreateComment" time="6.966"/>
  <testcase classname="com.til.ctnBrandwire.test.TestSuperAdmin" name="verifycontentExecDashboard" time="8.803"/>
  <testcase classname="com.til.ctnBrandwire.test.TestSuperAdmin" name="verifyPackageDashboard" time="15.266"/>
  <testcase classname="com.til.ctnBrandwire.test.TestSuperAdmin" name="verifyCreatePackage" time="6.3"/>
  <testcase classname="com.til.ctnBrandwire.test.TestSuperAdmin" name="verifyManagePricing" time="5.57"/>
  <testcase classname="com.til.ctnBrandwire.test.TestSuperAdmin" name="verifyPackageExecDashboard" time="7.156"/>
  <testcase classname="com.til.ctnBrandwire.test.TestSuperAdmin" name="verifyLeadDashboard" time="11.694"/>
  <testcase classname="com.til.ctnBrandwire.test.TestSuperAdmin" name="verifyLeadDashboardFilter" time="3.947"/>
  <testcase classname="com.til.ctnBrandwire.test.TestSuperAdmin" name="verifyCreateLead" time="5.428"/>
  <testcase classname="com.til.ctnBrandwire.test.TestSuperAdmin" name="verifyLeadCreateClientAccount" time="6.723"/>
  <testcase classname="com.til.ctnBrandwire.test.TestSuperAdmin" name="verifySalesDashboard" time="9.97"/>
  <testcase classname="com.til.ctnBrandwire.test.TestSuperAdmin" name="verifyLeadRecordSales" time="7.267"/>
  <testcase classname="com.til.ctnBrandwire.test.TestSuperAdmin" name="verifyLeadManageOfferings" time="7.293"/>
  <testcase classname="com.til.ctnBrandwire.test.TestSuperAdmin" name="verifyLeadInvoices" time="6.064"/>
  <testcase classname="com.til.ctnBrandwire.test.TestSuperAdmin" name="logOutApp" time="9.207"/>
  <testcase classname="com.til.ctnBrandwire.test.TestSuperAdmin" name="browserClose" time="5.217"/>
</testsuite>